make --dry-run --always-make --keep-going --print-directory
make: Entering directory '/home/vincent/Diana'
echo CXX +build/sysy/SysYParser.o
clang++ -c  -I/usr/local/include/antlr4-runtime -I/home/vincent/Diana/include -Wall -Wextra -g -fexceptions -std=c++17 -DDBUG lib/Frontend/SysYParser.cpp -o build/sysy/SysYParser.o
echo CXX +build/sysy/SysYLexer.o
clang++ -c  -I/usr/local/include/antlr4-runtime -I/home/vincent/Diana/include -Wall -Wextra -g -fexceptions -std=c++17 -DDBUG lib/Frontend/SysYLexer.cpp -o build/sysy/SysYLexer.o
echo CXX +build/sysy/Frontend.o
clang++ -c  -I/usr/local/include/antlr4-runtime -I/home/vincent/Diana/include -Wall -Wextra -g -fexceptions -std=c++17 -DDBUG lib/Frontend/Frontend.cpp -o build/sysy/Frontend.o
echo CXX +build/sysy/Ast.o
clang++ -c  -I/usr/local/include/antlr4-runtime -I/home/vincent/Diana/include -Wall -Wextra -g -fexceptions -std=c++17 -DDBUG lib/Frontend/Ast.cpp -o build/sysy/Ast.o
echo CXX +build/sysy/SysYVisitor.o
clang++ -c  -I/usr/local/include/antlr4-runtime -I/home/vincent/Diana/include -Wall -Wextra -g -fexceptions -std=c++17 -DDBUG lib/Frontend/SysYVisitor.cpp -o build/sysy/SysYVisitor.o
echo CXX +build/sysy/AstDump.o
clang++ -c  -I/usr/local/include/antlr4-runtime -I/home/vincent/Diana/include -Wall -Wextra -g -fexceptions -std=c++17 -DDBUG lib/Frontend/AstDump.cpp -o build/sysy/AstDump.o
echo CXX +build/sysy/AstTramsform.o
clang++ -c  -I/usr/local/include/antlr4-runtime -I/home/vincent/Diana/include -Wall -Wextra -g -fexceptions -std=c++17 -DDBUG lib/Frontend/AstTramsform.cpp -o build/sysy/AstTramsform.o
echo CXX +build/sysy/strUtils.o
clang++ -c  -I/usr/local/include/antlr4-runtime -I/home/vincent/Diana/include -Wall -Wextra -g -fexceptions -std=c++17 -DDBUG lib/Support/strUtils.cpp -o build/sysy/strUtils.o
echo CXX +build/sysy/typeUtils.o
clang++ -c  -I/usr/local/include/antlr4-runtime -I/home/vincent/Diana/include -Wall -Wextra -g -fexceptions -std=c++17 -DDBUG lib/Support/typeUtils.cpp -o build/sysy/typeUtils.o
echo CXX +build/sysy/ValueScope.o
clang++ -c  -I/usr/local/include/antlr4-runtime -I/home/vincent/Diana/include -Wall -Wextra -g -fexceptions -std=c++17 -DDBUG lib/IR/ValueScope.cpp -o build/sysy/ValueScope.o
echo CXX +build/sysy/Type.o
clang++ -c  -I/usr/local/include/antlr4-runtime -I/home/vincent/Diana/include -Wall -Wextra -g -fexceptions -std=c++17 -DDBUG lib/IR/Type.cpp -o build/sysy/Type.o
echo CXX +build/sysy/Module.o
clang++ -c  -I/usr/local/include/antlr4-runtime -I/home/vincent/Diana/include -Wall -Wextra -g -fexceptions -std=c++17 -DDBUG lib/IR/Module.cpp -o build/sysy/Module.o
echo CXX +build/sysy/User.o
clang++ -c  -I/usr/local/include/antlr4-runtime -I/home/vincent/Diana/include -Wall -Wextra -g -fexceptions -std=c++17 -DDBUG lib/IR/User.cpp -o build/sysy/User.o
echo CXX +build/sysy/Value.o
clang++ -c  -I/usr/local/include/antlr4-runtime -I/home/vincent/Diana/include -Wall -Wextra -g -fexceptions -std=c++17 -DDBUG lib/IR/Value.cpp -o build/sysy/Value.o
echo CXX +build/sysy/Builder.o
clang++ -c  -I/usr/local/include/antlr4-runtime -I/home/vincent/Diana/include -Wall -Wextra -g -fexceptions -std=c++17 -DDBUG lib/IR/Builder.cpp -o build/sysy/Builder.o
echo CXX +build/sysy/IRGen.o
clang++ -c  -I/usr/local/include/antlr4-runtime -I/home/vincent/Diana/include -Wall -Wextra -g -fexceptions -std=c++17 -DDBUG lib/IR/IRGen.cpp -o build/sysy/IRGen.o
echo CXX +build/sysy/Constant.o
clang++ -c  -I/usr/local/include/antlr4-runtime -I/home/vincent/Diana/include -Wall -Wextra -g -fexceptions -std=c++17 -DDBUG lib/IR/Constant.cpp -o build/sysy/Constant.o
echo CXX +build/sysy/BasicBlock.o
clang++ -c  -I/usr/local/include/antlr4-runtime -I/home/vincent/Diana/include -Wall -Wextra -g -fexceptions -std=c++17 -DDBUG lib/IR/BasicBlock.cpp -o build/sysy/BasicBlock.o
echo CXX +build/sysy/GlobalValue.o
clang++ -c  -I/usr/local/include/antlr4-runtime -I/home/vincent/Diana/include -Wall -Wextra -g -fexceptions -std=c++17 -DDBUG lib/IR/GlobalValue.cpp -o build/sysy/GlobalValue.o
echo CXX +build/sysy/Instructions.o
clang++ -c  -I/usr/local/include/antlr4-runtime -I/home/vincent/Diana/include -Wall -Wextra -g -fexceptions -std=c++17 -DDBUG lib/IR/Instructions.cpp -o build/sysy/Instructions.o
echo CXX +build/sysy/Use.o
clang++ -c  -I/usr/local/include/antlr4-runtime -I/home/vincent/Diana/include -Wall -Wextra -g -fexceptions -std=c++17 -DDBUG lib/IR/Use.cpp -o build/sysy/Use.o
echo CXX +build/sysy/Function.o
clang++ -c  -I/usr/local/include/antlr4-runtime -I/home/vincent/Diana/include -Wall -Wextra -g -fexceptions -std=c++17 -DDBUG lib/IR/Function.cpp -o build/sysy/Function.o
echo CXX +build/sysy/IRDump.o
clang++ -c  -I/usr/local/include/antlr4-runtime -I/home/vincent/Diana/include -Wall -Wextra -g -fexceptions -std=c++17 -DDBUG lib/IR/IRDump.cpp -o build/sysy/IRDump.o
echo CXX +build/sysy/PassManager.o
clang++ -c  -I/usr/local/include/antlr4-runtime -I/home/vincent/Diana/include -Wall -Wextra -g -fexceptions -std=c++17 -DDBUG lib/IR/PassManager.cpp -o build/sysy/PassManager.o
echo CXX +build/sysy/Block.o
clang++ -c  -I/usr/local/include/antlr4-runtime -I/home/vincent/Diana/include -Wall -Wextra -g -fexceptions -std=c++17 -DDBUG lib/Target/Block.cpp -o build/sysy/Block.o
echo CXX +build/sysy/MCFunction.o
clang++ -c  -I/usr/local/include/antlr4-runtime -I/home/vincent/Diana/include -Wall -Wextra -g -fexceptions -std=c++17 -DDBUG lib/Target/MCFunction.cpp -o build/sysy/MCFunction.o
echo CXX +build/sysy/MCInstruction.o
clang++ -c  -I/usr/local/include/antlr4-runtime -I/home/vincent/Diana/include -Wall -Wextra -g -fexceptions -std=c++17 -DDBUG lib/Target/MCInstruction.cpp -o build/sysy/MCInstruction.o
echo CXX +build/sysy/MCModule.o
clang++ -c  -I/usr/local/include/antlr4-runtime -I/home/vincent/Diana/include -Wall -Wextra -g -fexceptions -std=c++17 -DDBUG lib/Target/MCModule.cpp -o build/sysy/MCModule.o
echo CXX +build/sysy/Reg.o
clang++ -c  -I/usr/local/include/antlr4-runtime -I/home/vincent/Diana/include -Wall -Wextra -g -fexceptions -std=c++17 -DDBUG lib/Target/Reg.cpp -o build/sysy/Reg.o
echo CXX +build/sysy/Regallocator.o
clang++ -c  -I/usr/local/include/antlr4-runtime -I/home/vincent/Diana/include -Wall -Wextra -g -fexceptions -std=c++17 -DDBUG lib/Target/Regallocator.cpp -o build/sysy/Regallocator.o
echo CXX +build/sysy/DomInfo.o
clang++ -c  -I/usr/local/include/antlr4-runtime -I/home/vincent/Diana/include -Wall -Wextra -g -fexceptions -std=c++17 -DDBUG lib/Analysis/DomInfo.cpp -o build/sysy/DomInfo.o
echo CXX +build/sysy/Vertify.o
clang++ -c  -I/usr/local/include/antlr4-runtime -I/home/vincent/Diana/include -Wall -Wextra -g -fexceptions -std=c++17 -DDBUG lib/Analysis/Vertify.cpp -o build/sysy/Vertify.o
echo CXX +build/sysy/Analysis.o
clang++ -c  -I/usr/local/include/antlr4-runtime -I/home/vincent/Diana/include -Wall -Wextra -g -fexceptions -std=c++17 -DDBUG lib/Analysis/Analysis.cpp -o build/sysy/Analysis.o
echo CXX +build/sysy/Loop.o
clang++ -c  -I/usr/local/include/antlr4-runtime -I/home/vincent/Diana/include -Wall -Wextra -g -fexceptions -std=c++17 -DDBUG lib/IR/Loop.cpp -o build/sysy/Loop.o
echo CXX +build/sysy/LoopInfo.o
clang++ -c  -I/usr/local/include/antlr4-runtime -I/home/vincent/Diana/include -Wall -Wextra -g -fexceptions -std=c++17 -DDBUG lib/Analysis/LoopInfo.cpp -o build/sysy/LoopInfo.o
echo CXX +build/sysy/AliasAnalysis.o
clang++ -c  -I/usr/local/include/antlr4-runtime -I/home/vincent/Diana/include -Wall -Wextra -g -fexceptions -std=c++17 -DDBUG lib/Analysis/AliasAnalysis.cpp -o build/sysy/AliasAnalysis.o
echo CXX +build/sysy/IPAnalysis.o
clang++ -c  -I/usr/local/include/antlr4-runtime -I/home/vincent/Diana/include -Wall -Wextra -g -fexceptions -std=c++17 -DDBUG lib/Analysis/IPAnalysis.cpp -o build/sysy/IPAnalysis.o
echo CXX +build/sysy/Memory2Reg.o
clang++ -c  -I/usr/local/include/antlr4-runtime -I/home/vincent/Diana/include -Wall -Wextra -g -fexceptions -std=c++17 -DDBUG lib/Transform/Utils/Memory2Reg.cpp -o build/sysy/Memory2Reg.o
echo CXX +build/sysy/GVN.o
clang++ -c  -I/usr/local/include/antlr4-runtime -I/home/vincent/Diana/include -Wall -Wextra -g -fexceptions -std=c++17 -DDBUG lib/Transform/Scalar/GVN.cpp -o build/sysy/GVN.o
echo CXX +build/sysy/SimplifyInstructions.o
clang++ -c  -I/usr/local/include/antlr4-runtime -I/home/vincent/Diana/include -Wall -Wextra -g -fexceptions -std=c++17 -DDBUG lib/Transform/Scalar/SimplifyInstructions.cpp -o build/sysy/SimplifyInstructions.o
echo CXX +build/sysy/DCE.o
clang++ -c  -I/usr/local/include/antlr4-runtime -I/home/vincent/Diana/include -Wall -Wextra -g -fexceptions -std=c++17 -DDBUG lib/Transform/Scalar/DCE.cpp -o build/sysy/DCE.o
echo CXX +build/sysy/EliminatePhi.o
clang++ -c  -I/usr/local/include/antlr4-runtime -I/home/vincent/Diana/include -Wall -Wextra -g -fexceptions -std=c++17 -DDBUG lib/Transform/Utils/EliminatePhi.cpp -o build/sysy/EliminatePhi.o
echo CXX +build/sysy/Transform.o
clang++ -c  -I/usr/local/include/antlr4-runtime -I/home/vincent/Diana/include -Wall -Wextra -g -fexceptions -std=c++17 -DDBUG lib/Transform/Transform.cpp -o build/sysy/Transform.o
echo CXX +build/sysy/MemorySSA.o
clang++ -c  -I/usr/local/include/antlr4-runtime -I/home/vincent/Diana/include -Wall -Wextra -g -fexceptions -std=c++17 -DDBUG lib/Transform/Utils/MemorySSA.cpp -o build/sysy/MemorySSA.o
make: Leaving directory '/home/vincent/Diana'
 
make: *** No rule to make target 'build/sysy/sysyc.o', needed by 'sysyc'.
make: *** No rule to make target 'build/antlr/WritableToken.o', needed by 'sysyc'.
make: *** No rule to make target 'build/antlr/Vocabulary.o', needed by 'sysyc'.
make: *** No rule to make target 'build/antlr/UnbufferedTokenStream.o', needed by 'sysyc'.
make: *** No rule to make target 'build/antlr/UnbufferedCharStream.o', needed by 'sysyc'.
make: *** No rule to make target 'build/antlr/TokenStreamRewriter.o', needed by 'sysyc'.
make: *** No rule to make target 'build/antlr/TokenStream.o', needed by 'sysyc'.
make: *** No rule to make target 'build/antlr/TokenSource.o', needed by 'sysyc'.
make: *** No rule to make target 'build/antlr/RuntimeMetaData.o', needed by 'sysyc'.
make: *** No rule to make target 'build/antlr/RuleContextWithAltNum.o', needed by 'sysyc'.
make: *** No rule to make target 'build/antlr/Recognizer.o', needed by 'sysyc'.
make: *** No rule to make target 'build/antlr/RuleContext.o', needed by 'sysyc'.
make: *** No rule to make target 'build/antlr/Token.o', needed by 'sysyc'.
make: *** No rule to make target 'build/antlr/RecognitionException.o', needed by 'sysyc'.
make: *** No rule to make target 'build/antlr/ProxyErrorListener.o', needed by 'sysyc'.
make: *** No rule to make target 'build/antlr/ParserRuleContext.o', needed by 'sysyc'.
make: *** No rule to make target 'build/antlr/ParserInterpreter.o', needed by 'sysyc'.
make: *** No rule to make target 'build/antlr/Parser.o', needed by 'sysyc'.
make: *** No rule to make target 'build/antlr/NoViableAltException.o', needed by 'sysyc'.
make: *** No rule to make target 'build/antlr/ListTokenSource.o', needed by 'sysyc'.
make: *** No rule to make target 'build/antlr/LexerNoViableAltException.o', needed by 'sysyc'.
make: *** No rule to make target 'build/antlr/LexerInterpreter.o', needed by 'sysyc'.
make: *** No rule to make target 'build/antlr/Lexer.o', needed by 'sysyc'.
make: *** No rule to make target 'build/antlr/IntStream.o', needed by 'sysyc'.
make: *** No rule to make target 'build/antlr/InterpreterRuleContext.o', needed by 'sysyc'.
make: *** No rule to make target 'build/antlr/FailedPredicateException.o', needed by 'sysyc'.
make: *** No rule to make target 'build/antlr/InputMismatchException.o', needed by 'sysyc'.
make: *** No rule to make target 'build/antlr/Exceptions.o', needed by 'sysyc'.
make: *** No rule to make target 'build/antlr/DiagnosticErrorListener.o', needed by 'sysyc'.
make: *** No rule to make target 'build/antlr/DefaultErrorStrategy.o', needed by 'sysyc'.
make: *** No rule to make target 'build/antlr/ConsoleErrorListener.o', needed by 'sysyc'.
make: *** No rule to make target 'build/antlr/CommonTokenStream.o', needed by 'sysyc'.
make: *** No rule to make target 'build/antlr/CommonTokenFactory.o', needed by 'sysyc'.
make: *** No rule to make target 'build/antlr/CommonToken.o', needed by 'sysyc'.
make: *** No rule to make target 'build/antlr/CharStream.o', needed by 'sysyc'.
make: *** No rule to make target 'build/antlr/BufferedTokenStream.o', needed by 'sysyc'.
make: *** No rule to make target 'build/antlr/BaseErrorListener.o', needed by 'sysyc'.
make: *** No rule to make target 'build/antlr/BailErrorStrategy.o', needed by 'sysyc'.
make: *** No rule to make target 'build/antlr/ANTLRInputStream.o', needed by 'sysyc'.
make: *** No rule to make target 'build/antlr/ANTLRFileStream.o', needed by 'sysyc'.
make: *** No rule to make target 'build/antlr/ANTLRErrorStrategy.o', needed by 'sysyc'.
make: *** No rule to make target 'build/antlr/ANTLRErrorListener.o', needed by 'sysyc'.
make: *** No rule to make target 'build/antlr/AbstractPredicateTransition.o', needed by 'sysyc'.
make: *** No rule to make target 'build/antlr/ActionTransition.o', needed by 'sysyc'.
make: *** No rule to make target 'build/antlr/AmbiguityInfo.o', needed by 'sysyc'.
make: *** No rule to make target 'build/antlr/ArrayPredictionContext.o', needed by 'sysyc'.
make: *** No rule to make target 'build/antlr/ATN.o', needed by 'sysyc'.
make: *** No rule to make target 'build/antlr/ATNConfig.o', needed by 'sysyc'.
make: *** No rule to make target 'build/antlr/ATNConfigSet.o', needed by 'sysyc'.
make: *** No rule to make target 'build/antlr/ATNDeserializationOptions.o', needed by 'sysyc'.
make: *** No rule to make target 'build/antlr/ATNDeserializer.o', needed by 'sysyc'.
make: *** No rule to make target 'build/antlr/ATNSerializer.o', needed by 'sysyc'.
make: *** No rule to make target 'build/antlr/ATNSimulator.o', needed by 'sysyc'.
make: *** No rule to make target 'build/antlr/ATNState.o', needed by 'sysyc'.
make: *** No rule to make target 'build/antlr/AtomTransition.o', needed by 'sysyc'.
make: *** No rule to make target 'build/antlr/BasicBlockStartState.o', needed by 'sysyc'.
make: *** No rule to make target 'build/antlr/BasicState.o', needed by 'sysyc'.
make: *** No rule to make target 'build/antlr/BlockEndState.o', needed by 'sysyc'.
make: *** No rule to make target 'build/antlr/BlockStartState.o', needed by 'sysyc'.
make: *** No rule to make target 'build/antlr/ContextSensitivityInfo.o', needed by 'sysyc'.
make: *** No rule to make target 'build/antlr/DecisionEventInfo.o', needed by 'sysyc'.
make: *** No rule to make target 'build/antlr/DecisionInfo.o', needed by 'sysyc'.
make: *** No rule to make target 'build/antlr/DecisionState.o', needed by 'sysyc'.
make: *** No rule to make target 'build/antlr/EmptyPredictionContext.o', needed by 'sysyc'.
make: *** No rule to make target 'build/antlr/EpsilonTransition.o', needed by 'sysyc'.
make: *** No rule to make target 'build/antlr/ErrorInfo.o', needed by 'sysyc'.
make: *** No rule to make target 'build/antlr/LexerAction.o', needed by 'sysyc'.
make: *** No rule to make target 'build/antlr/LexerActionExecutor.o', needed by 'sysyc'.
make: *** No rule to make target 'build/antlr/LexerATNConfig.o', needed by 'sysyc'.
make: *** No rule to make target 'build/antlr/LexerATNSimulator.o', needed by 'sysyc'.
make: *** No rule to make target 'build/antlr/LexerChannelAction.o', needed by 'sysyc'.
make: *** No rule to make target 'build/antlr/LexerCustomAction.o', needed by 'sysyc'.
make: *** No rule to make target 'build/antlr/LexerIndexedCustomAction.o', needed by 'sysyc'.
make: *** No rule to make target 'build/antlr/LexerModeAction.o', needed by 'sysyc'.
make: *** No rule to make target 'build/antlr/LexerMoreAction.o', needed by 'sysyc'.
make: *** No rule to make target 'build/antlr/LexerPopModeAction.o', needed by 'sysyc'.
make: *** No rule to make target 'build/antlr/LexerPushModeAction.o', needed by 'sysyc'.
make: *** No rule to make target 'build/antlr/LexerTypeAction.o', needed by 'sysyc'.
make: *** No rule to make target 'build/antlr/LexerSkipAction.o', needed by 'sysyc'.
make: *** No rule to make target 'build/antlr/LL1Analyzer.o', needed by 'sysyc'.
make: *** No rule to make target 'build/antlr/LookaheadEventInfo.o', needed by 'sysyc'.
make: *** No rule to make target 'build/antlr/LoopEndState.o', needed by 'sysyc'.
make: *** No rule to make target 'build/antlr/NotSetTransition.o', needed by 'sysyc'.
make: *** No rule to make target 'build/antlr/OrderedATNConfigSet.o', needed by 'sysyc'.
make: *** No rule to make target 'build/antlr/ParseInfo.o', needed by 'sysyc'.
make: *** No rule to make target 'build/antlr/ParserATNSimulator.o', needed by 'sysyc'.
make: *** No rule to make target 'build/antlr/PlusBlockStartState.o', needed by 'sysyc'.
make: *** No rule to make target 'build/antlr/PlusLoopbackState.o', needed by 'sysyc'.
make: *** No rule to make target 'build/antlr/PrecedencePredicateTransition.o', needed by 'sysyc'.
make: *** No rule to make target 'build/antlr/PredicateEvalInfo.o', needed by 'sysyc'.
make: *** No rule to make target 'build/antlr/PredicateTransition.o', needed by 'sysyc'.
make: *** No rule to make target 'build/antlr/PredictionContext.o', needed by 'sysyc'.
make: *** No rule to make target 'build/antlr/PredictionMode.o', needed by 'sysyc'.
make: *** No rule to make target 'build/antlr/ProfilingATNSimulator.o', needed by 'sysyc'.
make: *** No rule to make target 'build/antlr/RangeTransition.o', needed by 'sysyc'.
make: *** No rule to make target 'build/antlr/RuleStartState.o', needed by 'sysyc'.
make: *** No rule to make target 'build/antlr/RuleStopState.o', needed by 'sysyc'.
make: *** No rule to make target 'build/antlr/RuleTransition.o', needed by 'sysyc'.
make: *** No rule to make target 'build/antlr/SemanticContext.o', needed by 'sysyc'.
make: *** No rule to make target 'build/antlr/SetTransition.o', needed by 'sysyc'.
make: *** No rule to make target 'build/antlr/SingletonPredictionContext.o', needed by 'sysyc'.
make: *** No rule to make target 'build/antlr/StarBlockStartState.o', needed by 'sysyc'.
make: *** No rule to make target 'build/antlr/StarLoopbackState.o', needed by 'sysyc'.
make: *** No rule to make target 'build/antlr/StarLoopEntryState.o', needed by 'sysyc'.
make: *** No rule to make target 'build/antlr/TokensStartState.o', needed by 'sysyc'.
make: *** No rule to make target 'build/antlr/Transition.o', needed by 'sysyc'.
make: *** No rule to make target 'build/antlr/WildcardTransition.o', needed by 'sysyc'.
make: *** No rule to make target 'build/antlr/DFA.o', needed by 'sysyc'.
make: *** No rule to make target 'build/antlr/DFASerializer.o', needed by 'sysyc'.
make: *** No rule to make target 'build/antlr/DFAState.o', needed by 'sysyc'.
make: *** No rule to make target 'build/antlr/LexerDFASerializer.o', needed by 'sysyc'.
make: *** No rule to make target 'build/antlr/InterpreterDataReader.o', needed by 'sysyc'.
make: *** No rule to make target 'build/antlr/Interval.o', needed by 'sysyc'.
make: *** No rule to make target 'build/antlr/IntervalSet.o', needed by 'sysyc'.
make: *** No rule to make target 'build/antlr/MurmurHash.o', needed by 'sysyc'.
make: *** No rule to make target 'build/antlr/Predicate.o', needed by 'sysyc'.
make: *** No rule to make target 'build/antlr/Any.o', needed by 'sysyc'.
make: *** No rule to make target 'build/antlr/Arrays.o', needed by 'sysyc'.
make: *** No rule to make target 'build/antlr/CPPUtils.o', needed by 'sysyc'.
make: *** No rule to make target 'build/antlr/StringUtils.o', needed by 'sysyc'.
make: *** No rule to make target 'build/antlr/guid.o', needed by 'sysyc'.
make: *** No rule to make target 'build/antlr/Chunk.o', needed by 'sysyc'.
make: *** No rule to make target 'build/antlr/ParseTreeMatch.o', needed by 'sysyc'.
make: *** No rule to make target 'build/antlr/ParseTreePattern.o', needed by 'sysyc'.
make: *** No rule to make target 'build/antlr/ParseTreePatternMatcher.o', needed by 'sysyc'.
make: *** No rule to make target 'build/antlr/RuleTagToken.o', needed by 'sysyc'.
make: *** No rule to make target 'build/antlr/TextChunk.o', needed by 'sysyc'.
make: *** No rule to make target 'build/antlr/TagChunk.o', needed by 'sysyc'.
make: *** No rule to make target 'build/antlr/TokenTagToken.o', needed by 'sysyc'.
make: *** No rule to make target 'build/antlr/XPath.o', needed by 'sysyc'.
make: *** No rule to make target 'build/antlr/XPathElement.o', needed by 'sysyc'.
make: *** No rule to make target 'build/antlr/XPathLexer.o', needed by 'sysyc'.
make: *** No rule to make target 'build/antlr/XPathLexerErrorListener.o', needed by 'sysyc'.
make: *** No rule to make target 'build/antlr/XPathRuleAnywhereElement.o', needed by 'sysyc'.
make: *** No rule to make target 'build/antlr/XPathRuleElement.o', needed by 'sysyc'.
make: *** No rule to make target 'build/antlr/XPathTokenAnywhereElement.o', needed by 'sysyc'.
make: *** No rule to make target 'build/antlr/XPathTokenElement.o', needed by 'sysyc'.
make: *** No rule to make target 'build/antlr/XPathWildcardAnywhereElement.o', needed by 'sysyc'.
make: *** No rule to make target 'build/antlr/XPathWildcardElement.o', needed by 'sysyc'.
make: *** No rule to make target 'build/antlr/ErrorNode.o', needed by 'sysyc'.
make: *** No rule to make target 'build/antlr/ErrorNodeImpl.o', needed by 'sysyc'.
make: *** No rule to make target 'build/antlr/IterativeParseTreeWalker.o', needed by 'sysyc'.
make: *** No rule to make target 'build/antlr/ParseTree.o', needed by 'sysyc'.
make: *** No rule to make target 'build/antlr/ParseTreeListener.o', needed by 'sysyc'.
make: *** No rule to make target 'build/antlr/ParseTreeVisitor.o', needed by 'sysyc'.
make: *** No rule to make target 'build/antlr/ParseTreeWalker.o', needed by 'sysyc'.
make: *** No rule to make target 'build/antlr/TerminalNode.o', needed by 'sysyc'.
make: *** No rule to make target 'build/antlr/TerminalNodeImpl.o', needed by 'sysyc'.
make: *** No rule to make target 'build/antlr/Trees.o', needed by 'sysyc'.

